DEBUG 2020-06-22 10:34:33,007 loader.py  load_from_module 66  [35m[35mLoading module: first_test[0m[0m
DEBUG 2020-06-22 10:34:33,009 loader.py  load_from_module 70  [35m[35mput module[first_test] into queue[0m[0m
INFO  2020-06-22 10:34:33,035 loader.py  main            173 [32m[32mstart session with fork mode 
{'platform': 'ide', 'app': 'wx', 'debug_mode': 'debug', 'close_ide': False, 'assert_capture': True, 'auto_relaunch': True, 'device_desire': {}, 'account_info': {}, 'report_usage': True, 'remote_connect_timeout': 180, 'request_timeout': 30, 'use_push': True, 'full_reset': False, 'outputs': None, 'enable_app_log': True, 'project_path': None, 'dev_tool_path': None, 'test_port': 9420, 'is_default_config': True}
[0m[0m
DEBUG 2020-06-22 10:34:33,833 minitest.py setUpClass      57  [35m[35m=====================[0m[0m
DEBUG 2020-06-22 10:34:33,833 minitest.py setUpClass      58  [35m[35mTesting classï¼šFirstTest[0m[0m
DEBUG 2020-06-22 10:34:33,833 minitest.py setUpClass      59  [35m[35m=====================[0m[0m
INFO  2020-06-22 10:34:33,834 wx_minium.py __init__        42  {}
WARNI 2020-06-22 10:34:33,844 wx_minium.py __init__        60  [33m[33mDev tool doesn't support current OS yet[0m[0m
INFO  2020-06-22 10:34:33,845 wx_minium.py launch_dev_tool 75  [32m[32mStarting dev tool and launch MiniProgram project ...[0m[0m
WARNI 2020-06-22 10:34:33,845 wx_minium.py launch_dev_tool 112 [33m[33mCan not find project_path in config, that means you must open dev tool by automation way first[0m[0m
INFO  2020-06-22 10:34:33,845 wx_minium.py connect_dev_tool 135 [32m[32mTrying to connect Dev tool ...[0m[0m
INFO  2020-06-22 10:34:33,872 connection.py _connect        79  [32m[32mconnect to WebChatTools successfully[0m[0m
DEBUG 2020-06-22 10:34:33,872 connection.py send            98  [35m[35mSEND > {"id":"c02f6d32-0685-4fb4-8180-28eef59a94ff","method":"App.callWxMethod","params":{"method":"getLaunchOptionsSync","args":[]}}[0m[0m
DEBUG 2020-06-22 10:34:33,889 connection.py _on_message     134 [35m[35mRECV < {"id":"c02f6d32-0685-4fb4-8180-28eef59a94ff","result":{"result":{"path":"pages/index/index","query":{},"scene":1001,"referrerInfo":{}}}}[0m[0m
DEBUG 2020-06-22 10:34:33,890 connection.py send            98  [35m[35mSEND > {"id":"1d320b71-8aef-4308-acda-98de72f4857b","method":"App.getCurrentPage","params":{}}[0m[0m
DEBUG 2020-06-22 10:34:33,893 connection.py _on_message     134 [35m[35mRECV < {"id":"1d320b71-8aef-4308-acda-98de72f4857b","result":{"pageId":3,"path":"pages/index/index","query":{}}}[0m[0m
DEBUG 2020-06-22 10:34:33,894 connection.py send            98  [35m[35mSEND > {"id":"aa9d495f-5cd9-4c1a-86a8-79c0fc54a521","method":"App.callWxMethod","params":{"method":"getAccountInfoSync","args":[]}}[0m[0m
DEBUG 2020-06-22 10:34:33,898 connection.py _on_message     134 [35m[35mRECV < {"id":"aa9d495f-5cd9-4c1a-86a8-79c0fc54a521","result":{"result":{"miniProgram":{"appId":"wx3969841c20c233ac","envVersion":"develop","version":""}}}}[0m[0m
INFO  2020-06-22 10:34:33,899 app.py     _relaunch       233 [32m[32mReLaunch: /pages/index/index[0m[0m
DEBUG 2020-06-22 10:34:33,899 connection.py send            98  [35m[35mSEND > {"id":"1132d5e6-7211-4cc1-a3ea-ce8e8498e6cb","method":"App.callWxMethod","params":{"method":"reLaunch","args":[{"url":"/pages/index/index"}]}}[0m[0m
DEBUG 2020-06-22 10:34:33,972 connection.py _on_message     134 [35m[35mRECV < {"id":"1132d5e6-7211-4cc1-a3ea-ce8e8498e6cb","result":{"result":{"errMsg":"reLaunch:ok"}}}[0m[0m
DEBUG 2020-06-22 10:34:38,975 connection.py send            98  [35m[35mSEND > {"id":"fe2cfecc-3906-4c16-b006-eba638d500da","method":"App.getCurrentPage","params":{}}[0m[0m
DEBUG 2020-06-22 10:34:38,980 connection.py _on_message     134 [35m[35mRECV < {"id":"fe2cfecc-3906-4c16-b006-eba638d500da","result":{"pageId":4,"path":"pages/index/index","query":{}}}[0m[0m
DEBUG 2020-06-22 10:34:39,982 connection.py send            98  [35m[35mSEND > {"id":"afd81322-0d91-4e91-bee8-5838b1523bdd","method":"App.addBinding","params":{"name":"onAudioContextCreated"}}[0m[0m
DEBUG 2020-06-22 10:34:39,988 connection.py _on_message     134 [35m[35mRECV < {"id":"afd81322-0d91-4e91-bee8-5838b1523bdd","result":{}}[0m[0m
DEBUG 2020-06-22 10:34:39,989 connection.py send            98  [35m[35mSEND > {"id":"53901b2d-1147-4e43-a24f-4595299a5b38","method":"App.addBinding","params":{"name":"onLivePusherContextCreated"}}[0m[0m
DEBUG 2020-06-22 10:34:39,991 connection.py _on_message     134 [35m[35mRECV < {"id":"53901b2d-1147-4e43-a24f-4595299a5b38","result":{}}[0m[0m
DEBUG 2020-06-22 10:34:39,992 connection.py send            98  [35m[35mSEND > {"id":"0676a739-035c-432a-aee2-4b12fc44bcd5","method":"App.addBinding","params":{"name":"onLivePlayerContextCreated"}}[0m[0m
DEBUG 2020-06-22 10:34:39,995 connection.py _on_message     134 [35m[35mRECV < {"id":"0676a739-035c-432a-aee2-4b12fc44bcd5","result":{}}[0m[0m
DEBUG 2020-06-22 10:34:39,997 connection.py send_async      107 [35m[35mASYNC_SEND > {"id": "c4e99f13-3272-417d-aa3e-45344bc18fe3", "method": "App.callFunction", "params": {"functionDeclaration": "function () {\n global.minium = {}; var cac = wx.createAudioContext; Object.defineProperty(wx, \"createAudioContext\", { get() { return function (audioId, pageOptions) { onAudioContextCreated(audioId, pageOptions); global.minium.audioContext = null; audioContext = cac(audioId, pageOptions); global.minium.audioContext = audioContext; return audioContext } } }); var clpuc = wx.createLivePusherContext; Object.defineProperty(wx, \"createLivePusherContext\", { get() { return function () { onLivePusherContextCreated(); global.minium.livePusherContext = null; livePusherContext = clpuc(); global.minium.livePusherContext = livePusherContext; return livePusherContext } } }); var clplc = wx.createLivePlayerContext; Object.defineProperty(wx, \"createLivePlayerContext\", { get() { return function (playerId, pageOptions) { onLivePlayerContextCreated(playerId, pageOptions); global.minium.livePlayerContext = null; livePlayerContext = clplc(playerId, pageOptions); global.minium.livePlayerContext = livePlayerContext; return livePlayerContext } } });}", "args": []}}[0m[0m
DEBUG 2020-06-22 10:34:39,998 connection.py send            98  [35m[35mSEND > {"id":"961f2d2f-af82-4fc8-9fee-0e14d18f62a3","method":"App.addBinding","params":{"name":"onAppRouteDone"}}[0m[0m
DEBUG 2020-06-22 10:34:40,004 connection.py _on_message     134 [35m[35mRECV < {"id":"c4e99f13-3272-417d-aa3e-45344bc18fe3","result":{}}[0m[0m
WARNI 2020-06-22 10:34:40,005 connection.py _on_message     145 [33m[33mreceived async msg: c4e99f13-3272-417d-aa3e-45344bc18fe3[0m[0m
DEBUG 2020-06-22 10:34:40,010 connection.py _on_message     134 [35m[35mRECV < {"id":"961f2d2f-af82-4fc8-9fee-0e14d18f62a3","result":{}}[0m[0m
DEBUG 2020-06-22 10:34:40,012 connection.py send_async      107 [35m[35mASYNC_SEND > {"id": "f1950f2e-b418-4c3b-b145-df97df852ab3", "method": "App.callFunction", "params": {"functionDeclaration": "function () {\n wx.onAppRouteDone(function (options) { onAppRouteDone(options) })}", "args": []}}[0m[0m
DEBUG 2020-06-22 10:34:40,013 connection.py send            98  [35m[35mSEND > {"id":"a1885332-7ff3-4be8-92ab-8d26e239771d","method":"App.enableLog","params":{}}[0m[0m
DEBUG 2020-06-22 10:34:40,014 connection.py _on_message     134 [35m[35mRECV < {"id":"f1950f2e-b418-4c3b-b145-df97df852ab3","result":{}}[0m[0m
WARNI 2020-06-22 10:34:40,015 connection.py _on_message     145 [33m[33mreceived async msg: f1950f2e-b418-4c3b-b145-df97df852ab3[0m[0m
DEBUG 2020-06-22 10:34:40,015 connection.py _on_message     134 [35m[35mRECV < {"id":"a1885332-7ff3-4be8-92ab-8d26e239771d","result":{}}[0m[0m
DEBUG 2020-06-22 10:34:40,017 connection.py send            98  [35m[35mSEND > {"id":"cf3be789-0f82-4354-b064-7775a94632fe","method":"App.callWxMethod","params":{"method":"getSystemInfoSync","args":[]}}[0m[0m
DEBUG 2020-06-22 10:34:40,031 connection.py _on_message     134 [35m[35mRECV < {"id":"cf3be789-0f82-4354-b064-7775a94632fe","result":{"result":{"model":"iPhone 5","pixelRatio":2,"windowWidth":320,"windowHeight":456,"system":"iOS 10.0.1","language":"zh_CN","version":"7.0.4","screenWidth":320,"screenHeight":568,"SDKVersion":"2.11.2","brand":"devtools","fontSizeSetting":16,"benchmarkLevel":1,"batteryLevel":100,"statusBarHeight":20,"safeArea":{"right":320,"bottom":568,"left":0,"top":20,"width":320,"height":548},"deviceOrientation":"portrait","platform":"devtools","devicePixelRatio":2}}}[0m[0m
DEBUG 2020-06-22 10:34:40,032 minitest.py setUp           80  [35m[35m=========Current caseï¼štest_get_system_info=========[0m[0m
INFO  2020-06-22 10:34:40,037 app.py     _relaunch       233 [32m[32mReLaunch: /pages/index/index[0m[0m
DEBUG 2020-06-22 10:34:40,038 connection.py send            98  [35m[35mSEND > {"id":"af8c5a12-3fb9-410c-a0c6-d5ea8b7ca10a","method":"App.callWxMethod","params":{"method":"reLaunch","args":[{"url":"/pages/index/index"}]}}[0m[0m
DEBUG 2020-06-22 10:34:40,155 connection.py _on_message     134 [35m[35mRECV < {"method":"App.logAdded","params":{"type":"warn","args":[" æ ¹æ® sitemap çš„è§„åˆ™[0]ï¼Œå½“å‰é¡µé¢ [pages/index/index] å°†è¢«ç´¢å¼•"]}}[0m[0m
DEBUG 2020-06-22 10:34:40,156 connection.py _on_message     134 [35m[35mRECV < {"id":"af8c5a12-3fb9-410c-a0c6-d5ea8b7ca10a","result":{"result":{"errMsg":"reLaunch:ok"}}}[0m[0m
DEBUG 2020-06-22 10:34:40,341 connection.py _on_message     134 [35m[35mRECV < {"method":"App.logAdded","params":{"type":"log","args":["è´­ç‰©è½¦åæ ‡",{"x":200,"y":426}]}}[0m[0m
DEBUG 2020-06-22 10:34:40,638 connection.py _on_message     134 [35m[35mRECV < {"method":"App.logAdded","params":{"type":"warn","args":["Some selectors are not allowed in component wxss, including tag name selectors, ID selectors, and attribute selectors.(./compents/typesbox/typesbox.wxss:3:1)"]}}[0m[0m
DEBUG 2020-06-22 10:34:40,640 connection.py _on_message     132 [35m[35mRECV < {"method":"App.logAdded","params":{"type":"warn","args":["./pages/index/index.wxml\n Now you can provide attr `wx:key` for a `wx:for` to improve performance.\n  14 | \t<!-- bannarè½®æ’­å›¾ -->\n  15 | \t<swiper indicator-dots=\"{{indicatorDots}}\" autoplay=\"{{autoplay}}\" interval=\"{{interval}}\" duration=\"{{duration}}\" circular=\"{{circular}}\" class=\"swipers\">\n> 16 | \t\t<block wx:for=\"{{imgUrls}}\">\n     | \t\t ^\n  17 | \t\t\t<swiper-item>\n  18 | \t\t\t\t<navigator url=\"/shoppages/shopother/shop...[0m[0m
DEBUG 2020-06-22 10:34:40,641 connection.py _on_message     134 [35m[35mRECV < {"method":"App.bindingCalled","params":{"name":"onAppRouteDone","args":[{"webviewId":5,"path":"pages/index/index","query":{},"openType":"reLaunch"}]}}[0m[0m
INFO  2020-06-22 10:34:40,641 app.py     _on_route_changed 136 [32m[32mRoute changed, {'name': 'onAppRouteDone', 'args': [{'webviewId': 5, 'path': 'pages/index/index', 'query': {}, 'openType': 'reLaunch'}]}[0m[0m
DEBUG 2020-06-22 10:34:40,642 connection.py send            98  [35m[35mSEND > {"id":"ec317880-4ac7-45d2-92ea-7e2eb9ae3bf0","method":"App.getCurrentPage","params":{}}[0m[0m
DEBUG 2020-06-22 10:34:40,648 connection.py _on_message     134 [35m[35mRECV < {"id":"ec317880-4ac7-45d2-92ea-7e2eb9ae3bf0","result":{"pageId":5,"path":"pages/index/index","query":{}}}[0m[0m
DEBUG 2020-06-22 10:34:40,693 connection.py _on_message     134 [35m[35mRECV < {"method":"App.logAdded","params":{"type":"log","args":["è€—æ—¶345"]}}[0m[0m
DEBUG 2020-06-22 10:34:40,704 connection.py _on_message     132 [35m[35mRECV < {"method":"App.logAdded","params":{"type":"log","args":[{"carouses":[{"id":6,"indexType":4,"otherId":6,"type":3,"img":"http://imagedev.dxsevice.com/120/5/17/1592370289730FEo0BlbzVI.jpg?imageView2/0/q/75|imageslim","indexKey":"4","carouseOrActivity":1,"productId":0},{"id":3,"indexType":4,"otherId":3,"type":3,"img":"http://imagedev.dxsevice.com/120/5/17/1592370304975JXsvxKAEQw.jpg?imageView2/0/q/75|imageslim","indexKey":"3","carouseOrActivity":1,"productId":0},{"id":1,"indexType":4,"otherId":1,"type":4,"im...[0m[0m
DEBUG 2020-06-22 10:34:40,710 connection.py _on_message     134 [35m[35mRECV < {"method":"App.logAdded","params":{"type":"warn","args":["WXMLRT_$gwx:./pages/index/index.wxml:block:16:4: Now you can provide attr `wx:key` for a `wx:for` to improve performance."]}}[0m[0m
DEBUG 2020-06-22 10:34:40,711 connection.py _on_message     134 [35m[35mRECV < {"method":"App.logAdded","params":{"type":"warn","args":["WXMLRT_$gwx:./pages/index/index.wxml:view:147:5: Now you can provide attr `wx:key` for a `wx:for` to improve performance."]}}[0m[0m
DEBUG 2020-06-22 10:34:40,712 connection.py _on_message     134 [35m[35mRECV < {"method":"App.logAdded","params":{"type":"warn","args":["WXMLRT_$gwx:./pages/index/index.wxml:view:147:5: Now you can provide attr `wx:key` for a `wx:for` to improve performance."]}}[0m[0m
DEBUG 2020-06-22 10:34:40,713 connection.py _on_message     134 [35m[35mRECV < {"method":"App.logAdded","params":{"type":"warn","args":["WXMLRT_$gwx:./pages/index/index.wxml:view:100:5: Now you can provide attr `wx:key` for a `wx:for` to improve performance."]}}[0m[0m
DEBUG 2020-06-22 10:34:40,720 connection.py _on_message     134 [35m[35mRECV < {"method":"App.logAdded","params":{"type":"log","args":["2indexType"]}}[0m[0m
DEBUG 2020-06-22 10:34:40,758 connection.py _on_message     134 [35m[35mRECV < {"method":"App.logAdded","params":{"type":"log","args":["3å…»ç”Ÿid"]}}[0m[0m
DEBUG 2020-06-22 10:34:40,785 connection.py _on_message     134 [35m[35mRECV < {"method":"App.logAdded","params":{"type":"log","args":["è¿˜æœªç™»å½•"]}}[0m[0m
DEBUG 2020-06-22 10:34:40,787 connection.py _on_message     134 [35m[35mRECV < {"method":"App.logAdded","params":{"type":"log","args":[{"msg":"tokenä¸ºç©º","is_succ":-2}]}}[0m[0m
DEBUG 2020-06-22 10:34:40,792 connection.py _on_message     132 [35m[35mRECV < {"method":"App.logAdded","params":{"type":"error","args":["MiniProgramError\nCannot read property 'num' of undefined\nTypeError: Cannot read property 'num' of undefined\n    at success (http://127.0.0.1:16284/appservice/pages/index/index.js:258:40)\n    at Function.i.<computed> (http://127.0.0.1:16284/appservice/__dev__/WAService.js:2:1722445)\n    at <api request success callback function>\n    at http://127.0.0.1:16284/appservice/__dev__/WAService.js:2:120403\n    at k (http://127.0.0.1:16284/appservic...[0m[0m
DEBUG 2020-06-22 10:34:40,811 connection.py _on_message     132 [35m[35mRECV < {"method":"App.logAdded","params":{"type":"warn","args":["./pages/index/index.wxml\n Now you can provide attr `wx:key` for a `wx:for` to improve performance.\n  145 | \t\t</view>\n  146 | \t\t<view class=\"ysshop-list\" wx:else>\n> 147 | \t\t\t<view class=\"list-item\" wx:for=\"{{item.products}}\" wx:for-item=\"products\">\n      | \t\t\t ^\n  148 | \t\t\t\t<view class=\"shop-img\">\n  149 | \t\t\t\t\t<image src=\"{{products.masterImg}}\" class=\"list-item-img\" mode=\"aspectFit\" bindtap=\"goshopxq\" da...[0m[0m
DEBUG 2020-06-22 10:34:40,812 connection.py _on_message     132 [35m[35mRECV < {"method":"App.logAdded","params":{"type":"warn","args":["./pages/index/index.wxml\n Now you can provide attr `wx:key` for a `wx:for` to improve performance.\n   98 | \n   99 | \t\t<view class=\"rex-content\" wx:if=\"{{item.products.length >3}}\">\n> 100 | \t\t\t<view class=\"rx-list\" wx:for=\"{{item.products}}\" wx:for-item=\"products\">\n      | \t\t\t ^\n  101 | \t\t\t\t<view class=\"rx-img-box\">\n  102 | \t\t\t\t\t<image mode=\"aspectFit\" src=\"{{products.masterImg}}\" class=\"rx-img\" bindtap=\"g...[0m[0m
DEBUG 2020-06-22 10:34:40,813 connection.py _on_message     134 [35m[35mRECV < {"method":"App.logAdded","params":{"type":"log","args":[{"data":{"msg":"tokenè¿‡æœŸ","is_succ":-2},"header":{"Date":"Mon, 22 Jun 2020 02:35:09 GMT","Server":"Apache/2.4.6 (CentOS) mod_wsgi/4.4.9 Python/2.7.5 OpenSSL/1.0.2k-fips","X-Application-Context":"shopmall-gateway:3345","Content-Type":"application/json;charset=utf-8","Keep-Alive":"timeout=5, max=100","Connection":"Keep-Alive","Transfer-Encoding":"chunked"},"statusCode":200,"cookies":[],"errMsg":"request:ok"}]}}[0m[0m
DEBUG 2020-06-22 10:34:41,650 connection.py send            98  [35m[35mSEND > {"id":"9cd05b43-81d5-4f5e-be30-08f78fbcf77c","method":"App.captureScreenshot","params":{}}[0m[0m
DEBUG 2020-06-22 10:34:42,397 connection.py _on_message     132 [35m[35mRECV < {"id":"9cd05b43-81d5-4f5e-be30-08f78fbcf77c","result":{"data":"iVBORw0KGgoAAAANSUhEUgAAAoAAAAOQCAIAAAAmDldbAAABKmlDQ1BTa2lhAAAokX2RPUsDQRCGH4ONnwhaWFhcmUbNRY0RVMipBBEsEsVod7mcQUzO43KitbaW/gBB/AW2/oDUClZa2ouFbXzXFBeQOMPMPjs7+zE7kJpGkpqAZhBHpaJjVQ6PLHrE9Voh/WUAvl+Nh5fZf/L6yVDNb3kaP2VxpMt1ZE08Ve/ypeFql28MR3ulDfGdOF3v4WoPX8RhLG6bfC+MDL+JV5uNcy95N6N+sF/WWJHNUORMWqeBzzxlTjnBFdksU2BTmmFRtkSeLbLivLxhozkcsa0shxXNMvIFFrCT/7y6h7X1TqfzlMR2PuBRtQ+/J7H0Low/Q/s2dCP3NzRomnTsw9cDjB3ApPaNXJsazHKyN+lFn1qtP7VabBPgMSfK6t02uR...[0m[0m
DEBUG 2020-06-22 10:34:42,404 connection.py _on_message     134 [35m[35mRECV < {"method":"App.logAdded","params":{"type":"warn","args":["WXMLRT_$gwx:./pages/index/index.wxml:block:16:4: Now you can provide attr `wx:key` for a `wx:for` to improve performance."]}}[0m[0m
DEBUG 2020-06-22 10:34:42,405 connection.py _on_message     134 [35m[35mRECV < {"method":"App.logAdded","params":{"type":"warn","args":["WXMLRT_$gwx:./pages/index/index.wxml:view:147:5: Now you can provide attr `wx:key` for a `wx:for` to improve performance."]}}[0m[0m
DEBUG 2020-06-22 10:34:42,406 connection.py send            98  [35m[35mSEND > {"id":"88f24ee4-8950-4a35-acd6-742dfd9adcd9","method":"App.getCurrentPage","params":{}}[0m[0m
DEBUG 2020-06-22 10:34:42,407 connection.py _on_message     134 [35m[35mRECV < {"method":"App.logAdded","params":{"type":"warn","args":["WXMLRT_$gwx:./pages/index/index.wxml:view:147:5: Now you can provide attr `wx:key` for a `wx:for` to improve performance."]}}[0m[0m
DEBUG 2020-06-22 10:34:42,410 connection.py _on_message     134 [35m[35mRECV < {"method":"App.logAdded","params":{"type":"warn","args":["WXMLRT_$gwx:./pages/index/index.wxml:view:100:5: Now you can provide attr `wx:key` for a `wx:for` to improve performance."]}}[0m[0m
DEBUG 2020-06-22 10:34:42,410 connection.py _on_message     134 [35m[35mRECV < {"id":"88f24ee4-8950-4a35-acd6-742dfd9adcd9","result":{"pageId":5,"path":"pages/index/index","query":{}}}[0m[0m
DEBUG 2020-06-22 10:34:42,411 connection.py send            98  [35m[35mSEND > {"id":"1b6a9dda-66cb-43e7-990e-b55a240e820c","method":"App.callWxMethod","params":{"method":"getSystemInfo","args":[]}}[0m[0m
DEBUG 2020-06-22 10:34:42,423 connection.py _on_message     132 [35m[35mRECV < {"id":"1b6a9dda-66cb-43e7-990e-b55a240e820c","result":{"result":{"errMsg":"getSystemInfo:ok","model":"iPhone 5","pixelRatio":2,"windowWidth":320,"windowHeight":456,"system":"iOS 10.0.1","language":"zh_CN","version":"7.0.4","screenWidth":320,"screenHeight":568,"SDKVersion":"2.11.2","brand":"devtools","fontSizeSetting":16,"benchmarkLevel":1,"batteryLevel":100,"statusBarHeight":20,"safeArea":{"right":320,"bottom":568,"left":0,"top":20,"width":320,"height":548},"deviceOrientation":"portrait","platform":"devt...[0m[0m
DEBUG 2020-06-22 10:34:42,534 connection.py send            98  [35m[35mSEND > {"id":"c1fe88bf-eea2-4f79-8bed-6499533a5e4e","method":"App.captureScreenshot","params":{}}[0m[0m
DEBUG 2020-06-22 10:34:43,113 connection.py _on_message     132 [35m[35mRECV < {"id":"c1fe88bf-eea2-4f79-8bed-6499533a5e4e","result":{"data":"iVBORw0KGgoAAAANSUhEUgAAAoAAAAOQCAIAAAAmDldbAAABKmlDQ1BTa2lhAAAokX2RPUsDQRCGH4ONnwhaWFhcmUbNRY0RVMipBBEsEsVod7mcQUzO43KitbaW/gBB/AW2/oDUClZa2ouFbXzXFBeQOMPMPjs7+zE7kJpGkpqAZhBHpaJjVQ6PLHrE9Voh/WUAvl+Nh5fZf/L6yVDNb3kaP2VxpMt1ZE08Ve/ypeFql28MR3ulDfGdOF3v4WoPX8RhLG6bfC+MDL+JV5uNcy95N6N+sF/WWJHNUORMWqeBzzxlTjnBFdksU2BTmmFRtkSeLbLivLxhozkcsa0shxXNMvIFFrCT/7y6h7X1TqfzlMR2PuBRtQ+/J7H0Low/Q/s2dCP3NzRomnTsw9cDjB3ApPaNXJsazHKyN+lFn1qtP7VabBPgMSfK6t02uR...[0m[0m
DEBUG 2020-06-22 10:34:43,120 connection.py send            98  [35m[35mSEND > {"id":"9efc3712-d240-484b-8608-6f3cdd04ba61","method":"App.getCurrentPage","params":{}}[0m[0m
DEBUG 2020-06-22 10:34:43,125 connection.py _on_message     134 [35m[35mRECV < {"id":"9efc3712-d240-484b-8608-6f3cdd04ba61","result":{"pageId":5,"path":"pages/index/index","query":{}}}[0m[0m
DEBUG 2020-06-22 10:34:43,126 connection.py send            98  [35m[35mSEND > {"id":"c69b1271-f5fe-4bf5-b062-a1266d7a3181","method":"App.captureScreenshot","params":{}}[0m[0m
DEBUG 2020-06-22 10:34:43,719 connection.py _on_message     132 [35m[35mRECV < {"id":"c69b1271-f5fe-4bf5-b062-a1266d7a3181","result":{"data":"iVBORw0KGgoAAAANSUhEUgAAAoAAAAOQCAIAAAAmDldbAAABKmlDQ1BTa2lhAAAokX2RPUsDQRCGH4ONnwhaWFhcmUbNRY0RVMipBBEsEsVod7mcQUzO43KitbaW/gBB/AW2/oDUClZa2ouFbXzXFBeQOMPMPjs7+zE7kJpGkpqAZhBHpaJjVQ6PLHrE9Voh/WUAvl+Nh5fZf/L6yVDNb3kaP2VxpMt1ZE08Ve/ypeFql28MR3ulDfGdOF3v4WoPX8RhLG6bfC+MDL+JV5uNcy95N6N+sF/WWJHNUORMWqeBzzxlTjnBFdksU2BTmmFRtkSeLbLivLxhozkcsa0shxXNMvIFFrCT/7y6h7X1TqfzlMR2PuBRtQ+/J7H0Low/Q/s2dCP3NzRomnTsw9cDjB3ApPaNXJsazHKyN+lFn1qtP7VabBPgMSfK6t02uR...[0m[0m
DEBUG 2020-06-22 10:34:43,726 connection.py send            98  [35m[35mSEND > {"id":"fed43f93-f342-4e06-ba41-a31aecb7e505","method":"App.getCurrentPage","params":{}}[0m[0m
DEBUG 2020-06-22 10:34:43,730 connection.py _on_message     134 [35m[35mRECV < {"id":"fed43f93-f342-4e06-ba41-a31aecb7e505","result":{"pageId":5,"path":"pages/index/index","query":{}}}[0m[0m
DEBUG 2020-06-22 10:34:43,731 connection.py send            98  [35m[35mSEND > {"id":"37be4af4-ac49-4d79-a5c5-784b85276d0e","method":"App.getCurrentPage","params":{}}[0m[0m
DEBUG 2020-06-22 10:34:43,733 connection.py _on_message     134 [35m[35mRECV < {"id":"37be4af4-ac49-4d79-a5c5-784b85276d0e","result":{"pageId":5,"path":"pages/index/index","query":{}}}[0m[0m
DEBUG 2020-06-22 10:34:43,733 connection.py send            98  [35m[35mSEND > {"id":"51308d40-3ba9-46dc-8590-4fb925225d7f","method":"Page.getData","params":{"pageId":5}}[0m[0m
DEBUG 2020-06-22 10:34:43,750 connection.py _on_message     132 [35m[35mRECV < {"id":"51308d40-3ba9-46dc-8590-4fb925225d7f","result":{"data":{"indicatorDots":false,"autoplay":false,"interval":4000,"duration":500,"circular":true,"imgUrls":[{"id":6,"indexType":4,"otherId":6,"type":3,"img":"http://imagedev.dxsevice.com/120/5/17/1592370289730FEo0BlbzVI.jpg?imageView2/0/q/75|imageslim","indexKey":"4","carouseOrActivity":1,"productId":0},{"id":3,"indexType":4,"otherId":3,"type":3,"img":"http://imagedev.dxsevice.com/120/5/17/1592370304975JXsvxKAEQw.jpg?imageView2/0/q/75|imageslim","indexK...[0m[0m
DEBUG 2020-06-22 10:34:48,422 connection.py _on_message     134 [35m[35mRECV < {"method":"App.logAdded","params":{"type":"warn","args":["WXMLRT_$gwx:./pages/index/index.wxml:block:16:4: Now you can provide attr `wx:key` for a `wx:for` to improve performance."]}}[0m[0m
DEBUG 2020-06-22 10:34:48,423 connection.py _on_message     134 [35m[35mRECV < {"method":"App.logAdded","params":{"type":"warn","args":["WXMLRT_$gwx:./pages/index/index.wxml:view:147:5: Now you can provide attr `wx:key` for a `wx:for` to improve performance."]}}[0m[0m
DEBUG 2020-06-22 10:34:48,425 connection.py _on_message     134 [35m[35mRECV < {"method":"App.logAdded","params":{"type":"warn","args":["WXMLRT_$gwx:./pages/index/index.wxml:view:147:5: Now you can provide attr `wx:key` for a `wx:for` to improve performance."]}}[0m[0m
DEBUG 2020-06-22 10:34:48,427 connection.py _on_message     134 [35m[35mRECV < {"method":"App.logAdded","params":{"type":"warn","args":["WXMLRT_$gwx:./pages/index/index.wxml:view:100:5: Now you can provide attr `wx:key` for a `wx:for` to improve performance."]}}[0m[0m
INFO  2020-06-22 10:34:53,798 session.py run             47  [32m[32mcase queue is empty, test complete, release None[0m[0m
